生成启动时间为 2016/8/30 16:05:51。
     1>项目“C:\Users\HUPENG\Desktop\0141120997_hupeng\0141120997_hupeng\0141120997_hupeng.vcxproj”在节点 2 上(build 个目标)。
     1>PrepareForBuild:
         正在创建目录“C:\Users\HUPENG\Desktop\0141120997_hupeng\x64\Debug\”。
       InitializeBuildStatus:
         正在创建“x64\Debug\0141120997_hupeng.unsuccessfulbuild”，因为已指定“AlwaysCreate”。
       ClCompile:
         C:\Program Files (x86)\Microsoft Visual Studio 10.0\VC\bin\x86_amd64\CL.exe /c /Zi /nologo /W3 /WX- /Od /D WIN32 /D _WINDOWS /D _DEBUG /D _UNICODE /D UNICODE /D _AFXDLL /Gm /EHsc /RTC1 /MDd /GS /fp:precise /Zc:wchar_t /Zc:forScope /Yc"StdAfx.h" /Fp"x64\Debug\0141120997_hupeng.pch" /Fo"x64\Debug\\" /Fd"x64\Debug\vc100.pdb" /Gd /TP /errorReport:prompt stdafx.cpp
         stdafx.cpp
         C:\Program Files (x86)\Microsoft Visual Studio 10.0\VC\bin\x86_amd64\CL.exe /c /Zi /nologo /W3 /WX- /Od /D WIN32 /D _WINDOWS /D _DEBUG /D _UNICODE /D UNICODE /D _AFXDLL /Gm /EHsc /RTC1 /MDd /GS /fp:precise /Zc:wchar_t /Zc:forScope /Yu"StdAfx.h" /Fp"x64\Debug\0141120997_hupeng.pch" /Fo"x64\Debug\\" /Fd"x64\Debug\vc100.pdb" /Gd /TP /errorReport:prompt 0141120997_hupeng.cpp 0141120997_hupengDlg.cpp MyConfigDlg.cpp
         MyConfigDlg.cpp
         0141120997_hupengDlg.cpp
     1>0141120997_hupengDlg.cpp(441): warning C4267: “=”: 从“size_t”转换到“int”，可能丢失数据
     1>0141120997_hupengDlg.cpp(512): warning C4244: “return”: 从“DWORD_PTR”转换到“DWORD”，可能丢失数据
     1>0141120997_hupengDlg.cpp(545): warning C4267: “初始化”: 从“size_t”转换到“int”，可能丢失数据
     1>0141120997_hupengDlg.cpp(546): warning C4267: “初始化”: 从“size_t”转换到“int”，可能丢失数据
     1>0141120997_hupengDlg.cpp(577): warning C4267: “参数”: 从“size_t”转换到“int”，可能丢失数据
     1>0141120997_hupengDlg.cpp(577): warning C4267: “参数”: 从“size_t”转换到“int”，可能丢失数据
     1>0141120997_hupengDlg.cpp(671): warning C4267: “参数”: 从“size_t”转换到“UINT”，可能丢失数据
     1>0141120997_hupengDlg.cpp(686): warning C4244: “=”: 从“ULONGLONG”转换到“DWORD”，可能丢失数据
         0141120997_hupeng.cpp
         Generating Code...
       ResourceCompile:
         C:\Program Files (x86)\Microsoft SDKs\Windows\v7.0A\bin\rc.exe /D _DEBUG /D _UNICODE /D UNICODE /D _AFXDLL /l"0x0804" /Ix64\Debug\ /nologo /fo"x64\Debug\0141120997_hupeng.res" 0141120997_hupeng.rc 
       ManifestResourceCompile:
         C:\Program Files (x86)\Microsoft SDKs\Windows\v7.0A\bin\rc.exe /nologo /fo"x64\Debug\0141120997_hupeng.exe.embed.manifest.res" x64\Debug\0141120997_hupeng_manifest.rc 
       Link:
         C:\Program Files (x86)\Microsoft Visual Studio 10.0\VC\bin\x86_amd64\link.exe /ERRORREPORT:PROMPT /OUT:"C:\Users\HUPENG\Desktop\0141120997_hupeng\x64\Debug\0141120997_hupeng.exe" /INCREMENTAL /NOLOGO /MANIFEST /ManifestFile:"x64\Debug\0141120997_hupeng.exe.intermediate.manifest" /MANIFESTUAC:"level='asInvoker' uiAccess='false'" /DEBUG /PDB:"C:\Users\HUPENG\Desktop\0141120997_hupeng\x64\Debug\0141120997_hupeng.pdb" /SUBSYSTEM:WINDOWS /TLBID:1 /ENTRY:"wWinMainCRTStartup" /DYNAMICBASE /NXCOMPAT /IMPLIB:"C:\Users\HUPENG\Desktop\0141120997_hupeng\x64\Debug\0141120997_hupeng.lib" /MACHINE:X64 x64\Debug\0141120997_hupeng.res
         x64\Debug\0141120997_hupeng.exe.embed.manifest.res
         x64\Debug\0141120997_hupeng.obj
         x64\Debug\0141120997_hupengDlg.obj
         x64\Debug\MyConfigDlg.obj
         x64\Debug\stdafx.obj
     1>0141120997_hupengDlg.obj : error LNK2019: 无法解析的外部符号 PDF_delete，该符号在函数 "public: int __cdecl CMy0141120997_hupengDlg::write_pdf(class ATL::CStringT<wchar_t,class StrTraitMFC_DLL<wchar_t,class ATL::ChTraitsCRT<wchar_t> > >,class ATL::CStringT<wchar_t,class StrTraitMFC_DLL<wchar_t,class ATL::ChTraitsCRT<wchar_t> > >,double,double,double,class ATL::CStringT<wchar_t,class StrTraitMFC_DLL<wchar_t,class ATL::ChTraitsCRT<wchar_t> > >)" (?write_pdf@CMy0141120997_hupengDlg@@QEAAHV?$CStringT@_WV?$StrTraitMFC_DLL@_WV?$ChTraitsCRT@_W@ATL@@@@@ATL@@0NNN0@Z) 中被引用
     1>0141120997_hupengDlg.obj : error LNK2019: 无法解析的外部符号 PDF_get_errnum，该符号在函数 "public: int __cdecl CMy0141120997_hupengDlg::write_pdf(class ATL::CStringT<wchar_t,class StrTraitMFC_DLL<wchar_t,class ATL::ChTraitsCRT<wchar_t> > >,class ATL::CStringT<wchar_t,class StrTraitMFC_DLL<wchar_t,class ATL::ChTraitsCRT<wchar_t> > >,double,double,double,class ATL::CStringT<wchar_t,class StrTraitMFC_DLL<wchar_t,class ATL::ChTraitsCRT<wchar_t> > >)" (?write_pdf@CMy0141120997_hupengDlg@@QEAAHV?$CStringT@_WV?$StrTraitMFC_DLL@_WV?$ChTraitsCRT@_W@ATL@@@@@ATL@@0NNN0@Z) 中被引用
     1>0141120997_hupengDlg.obj : error LNK2019: 无法解析的外部符号 PDF_get_apiname，该符号在函数 "public: int __cdecl CMy0141120997_hupengDlg::write_pdf(class ATL::CStringT<wchar_t,class StrTraitMFC_DLL<wchar_t,class ATL::ChTraitsCRT<wchar_t> > >,class ATL::CStringT<wchar_t,class StrTraitMFC_DLL<wchar_t,class ATL::ChTraitsCRT<wchar_t> > >,double,double,double,class ATL::CStringT<wchar_t,class StrTraitMFC_DLL<wchar_t,class ATL::ChTraitsCRT<wchar_t> > >)" (?write_pdf@CMy0141120997_hupengDlg@@QEAAHV?$CStringT@_WV?$StrTraitMFC_DLL@_WV?$ChTraitsCRT@_W@ATL@@@@@ATL@@0NNN0@Z) 中被引用
     1>0141120997_hupengDlg.obj : error LNK2019: 无法解析的外部符号 pdf_catch，该符号在函数 "public: int __cdecl CMy0141120997_hupengDlg::write_pdf(class ATL::CStringT<wchar_t,class StrTraitMFC_DLL<wchar_t,class ATL::ChTraitsCRT<wchar_t> > >,class ATL::CStringT<wchar_t,class StrTraitMFC_DLL<wchar_t,class ATL::ChTraitsCRT<wchar_t> > >,double,double,double,class ATL::CStringT<wchar_t,class StrTraitMFC_DLL<wchar_t,class ATL::ChTraitsCRT<wchar_t> > >)" (?write_pdf@CMy0141120997_hupengDlg@@QEAAHV?$CStringT@_WV?$StrTraitMFC_DLL@_WV?$ChTraitsCRT@_W@ATL@@@@@ATL@@0NNN0@Z) 中被引用
     1>0141120997_hupengDlg.obj : error LNK2019: 无法解析的外部符号 PDF_end_document，该符号在函数 "public: int __cdecl CMy0141120997_hupengDlg::write_pdf(class ATL::CStringT<wchar_t,class StrTraitMFC_DLL<wchar_t,class ATL::ChTraitsCRT<wchar_t> > >,class ATL::CStringT<wchar_t,class StrTraitMFC_DLL<wchar_t,class ATL::ChTraitsCRT<wchar_t> > >,double,double,double,class ATL::CStringT<wchar_t,class StrTraitMFC_DLL<wchar_t,class ATL::ChTraitsCRT<wchar_t> > >)" (?write_pdf@CMy0141120997_hupengDlg@@QEAAHV?$CStringT@_WV?$StrTraitMFC_DLL@_WV?$ChTraitsCRT@_W@ATL@@@@@ATL@@0NNN0@Z) 中被引用
     1>0141120997_hupengDlg.obj : error LNK2019: 无法解析的外部符号 PDF_end_page_ext，该符号在函数 "public: int __cdecl CMy0141120997_hupengDlg::write_pdf(class ATL::CStringT<wchar_t,class StrTraitMFC_DLL<wchar_t,class ATL::ChTraitsCRT<wchar_t> > >,class ATL::CStringT<wchar_t,class StrTraitMFC_DLL<wchar_t,class ATL::ChTraitsCRT<wchar_t> > >,double,double,double,class ATL::CStringT<wchar_t,class StrTraitMFC_DLL<wchar_t,class ATL::ChTraitsCRT<wchar_t> > >)" (?write_pdf@CMy0141120997_hupengDlg@@QEAAHV?$CStringT@_WV?$StrTraitMFC_DLL@_WV?$ChTraitsCRT@_W@ATL@@@@@ATL@@0NNN0@Z) 中被引用
     1>0141120997_hupengDlg.obj : error LNK2019: 无法解析的外部符号 PDF_show，该符号在函数 "public: int __cdecl CMy0141120997_hupengDlg::write_pdf(class ATL::CStringT<wchar_t,class StrTraitMFC_DLL<wchar_t,class ATL::ChTraitsCRT<wchar_t> > >,class ATL::CStringT<wchar_t,class StrTraitMFC_DLL<wchar_t,class ATL::ChTraitsCRT<wchar_t> > >,double,double,double,class ATL::CStringT<wchar_t,class StrTraitMFC_DLL<wchar_t,class ATL::ChTraitsCRT<wchar_t> > >)" (?write_pdf@CMy0141120997_hupengDlg@@QEAAHV?$CStringT@_WV?$StrTraitMFC_DLL@_WV?$ChTraitsCRT@_W@ATL@@@@@ATL@@0NNN0@Z) 中被引用
     1>0141120997_hupengDlg.obj : error LNK2019: 无法解析的外部符号 PDF_set_text_pos，该符号在函数 "public: int __cdecl CMy0141120997_hupengDlg::write_pdf(class ATL::CStringT<wchar_t,class StrTraitMFC_DLL<wchar_t,class ATL::ChTraitsCRT<wchar_t> > >,class ATL::CStringT<wchar_t,class StrTraitMFC_DLL<wchar_t,class ATL::ChTraitsCRT<wchar_t> > >,double,double,double,class ATL::CStringT<wchar_t,class StrTraitMFC_DLL<wchar_t,class ATL::ChTraitsCRT<wchar_t> > >)" (?write_pdf@CMy0141120997_hupengDlg@@QEAAHV?$CStringT@_WV?$StrTraitMFC_DLL@_WV?$ChTraitsCRT@_W@ATL@@@@@ATL@@0NNN0@Z) 中被引用
     1>0141120997_hupengDlg.obj : error LNK2019: 无法解析的外部符号 PDF_setfont，该符号在函数 "public: int __cdecl CMy0141120997_hupengDlg::write_pdf(class ATL::CStringT<wchar_t,class StrTraitMFC_DLL<wchar_t,class ATL::ChTraitsCRT<wchar_t> > >,class ATL::CStringT<wchar_t,class StrTraitMFC_DLL<wchar_t,class ATL::ChTraitsCRT<wchar_t> > >,double,double,double,class ATL::CStringT<wchar_t,class StrTraitMFC_DLL<wchar_t,class ATL::ChTraitsCRT<wchar_t> > >)" (?write_pdf@CMy0141120997_hupengDlg@@QEAAHV?$CStringT@_WV?$StrTraitMFC_DLL@_WV?$ChTraitsCRT@_W@ATL@@@@@ATL@@0NNN0@Z) 中被引用
     1>0141120997_hupengDlg.obj : error LNK2019: 无法解析的外部符号 PDF_findfont，该符号在函数 "public: int __cdecl CMy0141120997_hupengDlg::write_pdf(class ATL::CStringT<wchar_t,class StrTraitMFC_DLL<wchar_t,class ATL::ChTraitsCRT<wchar_t> > >,class ATL::CStringT<wchar_t,class StrTraitMFC_DLL<wchar_t,class ATL::ChTraitsCRT<wchar_t> > >,double,double,double,class ATL::CStringT<wchar_t,class StrTraitMFC_DLL<wchar_t,class ATL::ChTraitsCRT<wchar_t> > >)" (?write_pdf@CMy0141120997_hupengDlg@@QEAAHV?$CStringT@_WV?$StrTraitMFC_DLL@_WV?$ChTraitsCRT@_W@ATL@@@@@ATL@@0NNN0@Z) 中被引用
     1>0141120997_hupengDlg.obj : error LNK2019: 无法解析的外部符号 PDF_begin_page_ext，该符号在函数 "public: int __cdecl CMy0141120997_hupengDlg::write_pdf(class ATL::CStringT<wchar_t,class StrTraitMFC_DLL<wchar_t,class ATL::ChTraitsCRT<wchar_t> > >,class ATL::CStringT<wchar_t,class StrTraitMFC_DLL<wchar_t,class ATL::ChTraitsCRT<wchar_t> > >,double,double,double,class ATL::CStringT<wchar_t,class StrTraitMFC_DLL<wchar_t,class ATL::ChTraitsCRT<wchar_t> > >)" (?write_pdf@CMy0141120997_hupengDlg@@QEAAHV?$CStringT@_WV?$StrTraitMFC_DLL@_WV?$ChTraitsCRT@_W@ATL@@@@@ATL@@0NNN0@Z) 中被引用
     1>0141120997_hupengDlg.obj : error LNK2019: 无法解析的外部符号 PDF_set_info，该符号在函数 "public: int __cdecl CMy0141120997_hupengDlg::write_pdf(class ATL::CStringT<wchar_t,class StrTraitMFC_DLL<wchar_t,class ATL::ChTraitsCRT<wchar_t> > >,class ATL::CStringT<wchar_t,class StrTraitMFC_DLL<wchar_t,class ATL::ChTraitsCRT<wchar_t> > >,double,double,double,class ATL::CStringT<wchar_t,class StrTraitMFC_DLL<wchar_t,class ATL::ChTraitsCRT<wchar_t> > >)" (?write_pdf@CMy0141120997_hupengDlg@@QEAAHV?$CStringT@_WV?$StrTraitMFC_DLL@_WV?$ChTraitsCRT@_W@ATL@@@@@ATL@@0NNN0@Z) 中被引用
     1>0141120997_hupengDlg.obj : error LNK2019: 无法解析的外部符号 PDF_set_parameter，该符号在函数 "public: int __cdecl CMy0141120997_hupengDlg::write_pdf(class ATL::CStringT<wchar_t,class StrTraitMFC_DLL<wchar_t,class ATL::ChTraitsCRT<wchar_t> > >,class ATL::CStringT<wchar_t,class StrTraitMFC_DLL<wchar_t,class ATL::ChTraitsCRT<wchar_t> > >,double,double,double,class ATL::CStringT<wchar_t,class StrTraitMFC_DLL<wchar_t,class ATL::ChTraitsCRT<wchar_t> > >)" (?write_pdf@CMy0141120997_hupengDlg@@QEAAHV?$CStringT@_WV?$StrTraitMFC_DLL@_WV?$ChTraitsCRT@_W@ATL@@@@@ATL@@0NNN0@Z) 中被引用
     1>0141120997_hupengDlg.obj : error LNK2019: 无法解析的外部符号 PDF_get_errmsg，该符号在函数 "public: int __cdecl CMy0141120997_hupengDlg::write_pdf(class ATL::CStringT<wchar_t,class StrTraitMFC_DLL<wchar_t,class ATL::ChTraitsCRT<wchar_t> > >,class ATL::CStringT<wchar_t,class StrTraitMFC_DLL<wchar_t,class ATL::ChTraitsCRT<wchar_t> > >,double,double,double,class ATL::CStringT<wchar_t,class StrTraitMFC_DLL<wchar_t,class ATL::ChTraitsCRT<wchar_t> > >)" (?write_pdf@CMy0141120997_hupengDlg@@QEAAHV?$CStringT@_WV?$StrTraitMFC_DLL@_WV?$ChTraitsCRT@_W@ATL@@@@@ATL@@0NNN0@Z) 中被引用
     1>0141120997_hupengDlg.obj : error LNK2019: 无法解析的外部符号 PDF_begin_document，该符号在函数 "public: int __cdecl CMy0141120997_hupengDlg::write_pdf(class ATL::CStringT<wchar_t,class StrTraitMFC_DLL<wchar_t,class ATL::ChTraitsCRT<wchar_t> > >,class ATL::CStringT<wchar_t,class StrTraitMFC_DLL<wchar_t,class ATL::ChTraitsCRT<wchar_t> > >,double,double,double,class ATL::CStringT<wchar_t,class StrTraitMFC_DLL<wchar_t,class ATL::ChTraitsCRT<wchar_t> > >)" (?write_pdf@CMy0141120997_hupengDlg@@QEAAHV?$CStringT@_WV?$StrTraitMFC_DLL@_WV?$ChTraitsCRT@_W@ATL@@@@@ATL@@0NNN0@Z) 中被引用
     1>0141120997_hupengDlg.obj : error LNK2019: 无法解析的外部符号 pdf_jbuf，该符号在函数 "public: int __cdecl CMy0141120997_hupengDlg::write_pdf(class ATL::CStringT<wchar_t,class StrTraitMFC_DLL<wchar_t,class ATL::ChTraitsCRT<wchar_t> > >,class ATL::CStringT<wchar_t,class StrTraitMFC_DLL<wchar_t,class ATL::ChTraitsCRT<wchar_t> > >,double,double,double,class ATL::CStringT<wchar_t,class StrTraitMFC_DLL<wchar_t,class ATL::ChTraitsCRT<wchar_t> > >)" (?write_pdf@CMy0141120997_hupengDlg@@QEAAHV?$CStringT@_WV?$StrTraitMFC_DLL@_WV?$ChTraitsCRT@_W@ATL@@@@@ATL@@0NNN0@Z) 中被引用
     1>0141120997_hupengDlg.obj : error LNK2019: 无法解析的外部符号 PDF_new，该符号在函数 "public: int __cdecl CMy0141120997_hupengDlg::write_pdf(class ATL::CStringT<wchar_t,class StrTraitMFC_DLL<wchar_t,class ATL::ChTraitsCRT<wchar_t> > >,class ATL::CStringT<wchar_t,class StrTraitMFC_DLL<wchar_t,class ATL::ChTraitsCRT<wchar_t> > >,double,double,double,class ATL::CStringT<wchar_t,class StrTraitMFC_DLL<wchar_t,class ATL::ChTraitsCRT<wchar_t> > >)" (?write_pdf@CMy0141120997_hupengDlg@@QEAAHV?$CStringT@_WV?$StrTraitMFC_DLL@_WV?$ChTraitsCRT@_W@ATL@@@@@ATL@@0NNN0@Z) 中被引用
     1>C:\Users\HUPENG\Desktop\0141120997_hupeng\x64\Debug\0141120997_hupeng.exe : fatal error LNK1120: 17 个无法解析的外部命令
     1>已完成生成项目“C:\Users\HUPENG\Desktop\0141120997_hupeng\0141120997_hupeng\0141120997_hupeng.vcxproj”(build 个目标)的操作 - 失败。

生成失败。

已用时间 00:00:04.58
