生成启动时间为 2016/8/30 16:53:16。
     1>项目“C:\Users\HUPENG\Desktop\0141120997_hupeng\0141120997_hupeng\0141120997_hupeng.vcxproj”在节点 2 上(build 个目标)。
     1>InitializeBuildStatus:
         正在创建“Debug\0141120997_hupeng.unsuccessfulbuild”，因为已指定“AlwaysCreate”。
       ClCompile:
         所有输出均为最新。
         C:\Program Files (x86)\Microsoft Visual Studio 10.0\VC\bin\CL.exe /c /ZI /nologo /W3 /WX- /Od /Oy- /D WIN32 /D _WINDOWS /D _DEBUG /D _UNICODE /D UNICODE /D _AFXDLL /Gm /EHsc /RTC1 /MDd /GS /fp:precise /Zc:wchar_t /Zc:forScope /Yu"StdAfx.h" /Fp"Debug\0141120997_hupeng.pch" /Fo"Debug\\" /Fd"Debug\vc100.pdb" /Gd /TP /analyze- /errorReport:prompt 0141120997_hupengDlg.cpp
         0141120997_hupengDlg.cpp
     1>c:\users\hupeng\desktop\0141120997_hupeng\0141120997_hupeng\0141120997_hupengdlg.cpp(449): warning C4018: “<=”: 有符号/无符号不匹配
     1>c:\users\hupeng\desktop\0141120997_hupeng\0141120997_hupeng\0141120997_hupengdlg.cpp(455): warning C4018: “>=”: 有符号/无符号不匹配
     1>c:\users\hupeng\desktop\0141120997_hupeng\0141120997_hupeng\0141120997_hupengdlg.cpp(702): warning C4244: “=”: 从“ULONGLONG”转换到“DWORD”，可能丢失数据
     1>c:\users\hupeng\desktop\0141120997_hupeng\0141120997_hupeng\0141120997_hupengdlg.cpp(742): warning C4229: 使用了记时错误: 忽略数据上的修饰符
     1>c:\users\hupeng\desktop\0141120997_hupeng\0141120997_hupeng\0141120997_hupengdlg.cpp(743): warning C4229: 使用了记时错误: 忽略数据上的修饰符
       ResourceCompile:
         所有输出均为最新。
       ManifestResourceCompile:
         所有输出均为最新。
       Link:
         C:\Program Files (x86)\Microsoft Visual Studio 10.0\VC\bin\link.exe /ERRORREPORT:PROMPT /OUT:"C:\Users\HUPENG\Desktop\0141120997_hupeng\Debug\0141120997_hupeng.exe" /INCREMENTAL /NOLOGO /MANIFEST /ManifestFile:"Debug\0141120997_hupeng.exe.intermediate.manifest" /MANIFESTUAC:"level='asInvoker' uiAccess='false'" /DEBUG /PDB:"C:\Users\HUPENG\Desktop\0141120997_hupeng\Debug\0141120997_hupeng.pdb" /SUBSYSTEM:WINDOWS /TLBID:1 /ENTRY:"wWinMainCRTStartup" /DYNAMICBASE /NXCOMPAT /IMPLIB:"C:\Users\HUPENG\Desktop\0141120997_hupeng\Debug\0141120997_hupeng.lib" /MACHINE:X86 Debug\0141120997_hupeng.res
         Debug\0141120997_hupeng.exe.embed.manifest.res
         Debug\0141120997_hupeng.obj
         Debug\0141120997_hupengDlg.obj
         Debug\MyConfigDlg.obj
         Debug\stdafx.obj
       Manifest:
         C:\Program Files (x86)\Microsoft SDKs\Windows\v7.0A\bin\mt.exe /nologo /verbose /out:"Debug\0141120997_hupeng.exe.embed.manifest" /manifest Debug\0141120997_hupeng.exe.intermediate.manifest "C:\Program Files (x86)\Microsoft Visual Studio 10.0\VC\Include\Manifest\dpiaware.manifest"
         所有输出均为最新。
       LinkEmbedManifest:
         所有输出均为最新。
         0141120997_hupeng.vcxproj -> C:\Users\HUPENG\Desktop\0141120997_hupeng\Debug\0141120997_hupeng.exe
       FinalizeBuildStatus:
         正在删除文件“Debug\0141120997_hupeng.unsuccessfulbuild”。
         正在对“Debug\0141120997_hupeng.lastbuildstate”执行 Touch 任务。
     1>已完成生成项目“C:\Users\HUPENG\Desktop\0141120997_hupeng\0141120997_hupeng\0141120997_hupeng.vcxproj”(build 个目标)的操作。

生成成功。

已用时间 00:00:00.79
