C:\USERS\HUPENG\DESKTOP\0141120997_HUPENG\0141120997_HUPENG\DEBUG\0141120997_HUPENG.EXE.EMBED.MANIFEST
C:\USERS\HUPENG\DESKTOP\0141120997_HUPENG\0141120997_HUPENG\DEBUG\0141120997_HUPENG.EXE.EMBED.MANIFEST.RES
C:\USERS\HUPENG\DESKTOP\0141120997_HUPENG\0141120997_HUPENG\DEBUG\0141120997_HUPENG.EXE.INTERMEDIATE.MANIFEST
C:\USERS\HUPENG\DESKTOP\0141120997_HUPENG\0141120997_HUPENG\DEBUG\0141120997_HUPENG.OBJ
C:\USERS\HUPENG\DESKTOP\0141120997_HUPENG\0141120997_HUPENG\DEBUG\0141120997_HUPENG.PCH
C:\USERS\HUPENG\DESKTOP\0141120997_HUPENG\0141120997_HUPENG\DEBUG\0141120997_HUPENG.RES
C:\Users\HUPENG\Desktop\0141120997_hupeng\0141120997_hupeng\Debug\0141120997_hupeng.write.1.tlog
C:\Users\HUPENG\Desktop\0141120997_hupeng\0141120997_hupeng\Debug\0141120997_hupeng_manifest.rc
C:\USERS\HUPENG\DESKTOP\0141120997_HUPENG\0141120997_HUPENG\DEBUG\0141120997_HUPENGDLG.OBJ
C:\Users\HUPENG\Desktop\0141120997_hupeng\0141120997_hupeng\Debug\cl.command.1.tlog
C:\Users\HUPENG\Desktop\0141120997_hupeng\0141120997_hupeng\Debug\CL.read.1.tlog
C:\Users\HUPENG\Desktop\0141120997_hupeng\0141120997_hupeng\Debug\CL.write.1.tlog
C:\Users\HUPENG\Desktop\0141120997_hupeng\0141120997_hupeng\Debug\link.command.1.tlog
C:\Users\HUPENG\Desktop\0141120997_hupeng\0141120997_hupeng\Debug\link.read.1.tlog
C:\Users\HUPENG\Desktop\0141120997_hupeng\0141120997_hupeng\Debug\link.write.1.tlog
C:\Users\HUPENG\Desktop\0141120997_hupeng\0141120997_hupeng\Debug\link-cvtres.read.1.tlog
C:\Users\HUPENG\Desktop\0141120997_hupeng\0141120997_hupeng\Debug\link-cvtres.write.1.tlog
C:\Users\HUPENG\Desktop\0141120997_hupeng\0141120997_hupeng\Debug\mt.command.1.tlog
C:\Users\HUPENG\Desktop\0141120997_hupeng\0141120997_hupeng\Debug\mt.read.1.tlog
C:\Users\HUPENG\Desktop\0141120997_hupeng\0141120997_hupeng\Debug\mt.write.1.tlog
C:\USERS\HUPENG\DESKTOP\0141120997_HUPENG\0141120997_HUPENG\DEBUG\MYCONFIGDLG.OBJ
C:\Users\HUPENG\Desktop\0141120997_hupeng\0141120997_hupeng\Debug\rc.command.1.tlog
C:\Users\HUPENG\Desktop\0141120997_hupeng\0141120997_hupeng\Debug\rc.read.1.tlog
C:\Users\HUPENG\Desktop\0141120997_hupeng\0141120997_hupeng\Debug\rc.write.1.tlog
C:\USERS\HUPENG\DESKTOP\0141120997_HUPENG\0141120997_HUPENG\DEBUG\STDAFX.OBJ
C:\Users\HUPENG\Desktop\0141120997_hupeng\0141120997_hupeng\Debug\vc100.idb
C:\USERS\HUPENG\DESKTOP\0141120997_HUPENG\0141120997_HUPENG\DEBUG\VC100.PDB
C:\USERS\HUPENG\DESKTOP\0141120997_HUPENG\DEBUG\0141120997_HUPENG.EXE
C:\USERS\HUPENG\DESKTOP\0141120997_HUPENG\DEBUG\0141120997_HUPENG.ILK
C:\USERS\HUPENG\DESKTOP\0141120997_HUPENG\DEBUG\0141120997_HUPENG.PDB
